2024-04-13 11:49:19 - INFO - Received request for states mean with question: Percent of adults aged 18 years and older who have obesity
2024-04-13 11:49:19 - INFO - Job id for request: job_id_1
2024-04-13 11:49:19 - INFO - Task with job_id: job_id_1 is still running
2024-04-13 11:49:19 - INFO - Returning result for job_id: job_id_1
2024-04-13 11:49:19 - INFO - Received request for states mean with question: Percent of adults who achieve at least 150 minutes a week of moderate-intensity aerobic physical activity or 75 minutes a week of vigorous-intensity aerobic activity (or an equivalent combination)
2024-04-13 11:49:19 - INFO - Job id for request: job_id_2
2024-04-13 11:49:19 - INFO - Returning result for job_id: job_id_2
2024-04-13 11:49:19 - INFO - Received request for states mean with question: Percent of adults who engage in no leisure-time physical activity
2024-04-13 11:49:19 - INFO - Job id for request: job_id_3
2024-04-13 11:49:19 - INFO - Returning result for job_id: job_id_3
2024-04-13 11:49:19 - INFO - Received request for states mean with question: Percent of adults who report consuming vegetables less than one time daily
2024-04-13 11:49:19 - INFO - Job id for request: job_id_4
2024-04-13 11:49:19 - INFO - Returning result for job_id: job_id_4
2024-04-13 11:49:19 - INFO - Received request for states mean with question: Percent of adults who achieve at least 150 minutes a week of moderate-intensity aerobic physical activity or 75 minutes a week of vigorous-intensity aerobic physical activity and engage in muscle-strengthening activities on 2 or more days a week
2024-04-13 11:49:19 - INFO - Job id for request: job_id_5
2024-04-13 11:49:19 - INFO - Returning result for job_id: job_id_5
2024-04-13 11:49:19 - INFO - Received request for states mean with question: Percent of adults aged 18 years and older who have an overweight classification
2024-04-13 11:49:19 - INFO - Job id for request: job_id_6
2024-04-13 11:49:19 - INFO - Returning result for job_id: job_id_6
2024-04-13 11:49:19 - INFO - Received request for states mean with question: Percent of adults who report consuming fruit less than one time daily
2024-04-13 11:49:19 - INFO - Job id for request: job_id_7
2024-04-13 11:49:19 - INFO - Returning result for job_id: job_id_7
2024-04-13 11:49:19 - INFO - Received request for states mean with question: Percent of adults who achieve at least 300 minutes a week of moderate-intensity aerobic physical activity or 150 minutes a week of vigorous-intensity aerobic activity (or an equivalent combination)
2024-04-13 11:49:19 - INFO - Job id for request: job_id_8
2024-04-13 11:49:19 - INFO - Returning result for job_id: job_id_8
2024-04-13 11:49:19 - INFO - Received request for states mean with question: Percent of adults who engage in muscle-strengthening activities on 2 or more days a week
2024-04-13 11:49:19 - INFO - Job id for request: job_id_9
2024-04-13 11:49:19 - INFO - Task with job_id: job_id_9 is still running
2024-04-13 11:49:19 - INFO - Returning result for job_id: job_id_9
2024-04-13 11:49:19 - INFO - Received request for states mean with question: Percent of adults aged 18 years and older who have obesity
2024-04-13 11:49:19 - INFO - Job id for request: job_id_10
2024-04-13 11:49:19 - INFO - Task with job_id: job_id_10 is still running
2024-04-13 11:49:19 - INFO - Returning result for job_id: job_id_10
2024-04-13 11:49:19 - INFO - Received request for states mean with question: Percent of adults who achieve at least 150 minutes a week of moderate-intensity aerobic physical activity or 75 minutes a week of vigorous-intensity aerobic activity (or an equivalent combination)
2024-04-13 11:49:19 - INFO - Job id for request: job_id_11
2024-04-13 11:49:19 - INFO - Task with job_id: job_id_11 is still running
2024-04-13 11:49:19 - INFO - Returning result for job_id: job_id_11
2024-04-13 11:49:19 - INFO - Received request for states mean with question: Percent of adults who engage in no leisure-time physical activity
2024-04-13 11:49:19 - INFO - Job id for request: job_id_12
2024-04-13 11:49:19 - INFO - Task with job_id: job_id_12 is still running
2024-04-13 11:49:19 - INFO - Returning result for job_id: job_id_12
2024-04-13 11:49:19 - INFO - Received request for states mean with question: Percent of adults who report consuming vegetables less than one time daily
2024-04-13 11:49:19 - INFO - Job id for request: job_id_13
2024-04-13 11:49:19 - INFO - Task with job_id: job_id_13 is still running
2024-04-13 11:49:19 - INFO - Returning result for job_id: job_id_13
2024-04-13 11:49:19 - INFO - Received request for states mean with question: Percent of adults who achieve at least 150 minutes a week of moderate-intensity aerobic physical activity or 75 minutes a week of vigorous-intensity aerobic physical activity and engage in muscle-strengthening activities on 2 or more days a week
2024-04-13 11:49:19 - INFO - Job id for request: job_id_14
2024-04-13 11:49:19 - INFO - Task with job_id: job_id_14 is still running
2024-04-13 11:49:19 - INFO - Returning result for job_id: job_id_14
2024-04-13 11:49:19 - INFO - Received request for states mean with question: Percent of adults aged 18 years and older who have an overweight classification
2024-04-13 11:49:19 - INFO - Job id for request: job_id_15
2024-04-13 11:49:19 - INFO - Returning result for job_id: job_id_15
2024-04-13 11:49:19 - INFO - Received request for states mean with question: Percent of adults who report consuming fruit less than one time daily
2024-04-13 11:49:19 - INFO - Job id for request: job_id_16
2024-04-13 11:49:19 - INFO - Returning result for job_id: job_id_16
2024-04-13 11:49:19 - INFO - Received request for states mean with question: Percent of adults who achieve at least 300 minutes a week of moderate-intensity aerobic physical activity or 150 minutes a week of vigorous-intensity aerobic activity (or an equivalent combination)
2024-04-13 11:49:19 - INFO - Job id for request: job_id_17
2024-04-13 11:49:19 - INFO - Returning result for job_id: job_id_17
2024-04-13 11:49:19 - INFO - Received request for states mean with question: Percent of adults who engage in muscle-strengthening activities on 2 or more days a week
2024-04-13 11:49:19 - INFO - Job id for request: job_id_18
2024-04-13 11:49:19 - INFO - Task with job_id: job_id_18 is still running
2024-04-13 11:49:19 - INFO - Returning result for job_id: job_id_18
2024-04-13 11:49:19 - INFO - Received request for states mean with question: Percent of adults aged 18 years and older who have obesity
2024-04-13 11:49:19 - INFO - Job id for request: job_id_19
2024-04-13 11:49:19 - INFO - Returning result for job_id: job_id_19
2024-04-13 11:49:19 - INFO - Received request for states mean with question: Percent of adults who achieve at least 150 minutes a week of moderate-intensity aerobic physical activity or 75 minutes a week of vigorous-intensity aerobic activity (or an equivalent combination)
2024-04-13 11:49:19 - INFO - Job id for request: job_id_20
2024-04-13 11:49:19 - INFO - Returning result for job_id: job_id_20
2024-04-13 11:49:19 - INFO - Received request for states mean with question: Percent of adults who engage in no leisure-time physical activity
2024-04-13 11:49:19 - INFO - Job id for request: job_id_21
2024-04-13 11:49:19 - INFO - Returning result for job_id: job_id_21
2024-04-13 11:49:19 - INFO - Received request for states mean with question: Percent of adults who report consuming vegetables less than one time daily
2024-04-13 11:49:19 - INFO - Job id for request: job_id_22
2024-04-13 11:49:19 - INFO - Returning result for job_id: job_id_22
2024-04-13 11:49:19 - INFO - Received request for states mean with question: Percent of adults who achieve at least 150 minutes a week of moderate-intensity aerobic physical activity or 75 minutes a week of vigorous-intensity aerobic physical activity and engage in muscle-strengthening activities on 2 or more days a week
2024-04-13 11:49:19 - INFO - Job id for request: job_id_23
2024-04-13 11:49:19 - INFO - Returning result for job_id: job_id_23
2024-04-13 11:49:19 - INFO - Received request for states mean with question: Percent of adults aged 18 years and older who have an overweight classification
2024-04-13 11:49:19 - INFO - Job id for request: job_id_24
2024-04-13 11:49:19 - INFO - Returning result for job_id: job_id_24
2024-04-13 11:49:19 - INFO - Received request for states mean with question: Percent of adults who report consuming fruit less than one time daily
2024-04-13 11:49:19 - INFO - Job id for request: job_id_25
2024-04-13 11:49:19 - INFO - Returning result for job_id: job_id_25
2024-04-13 11:49:19 - INFO - Received request for states mean with question: Percent of adults who achieve at least 300 minutes a week of moderate-intensity aerobic physical activity or 150 minutes a week of vigorous-intensity aerobic activity (or an equivalent combination)
2024-04-13 11:49:19 - INFO - Job id for request: job_id_26
2024-04-13 11:49:19 - INFO - Returning result for job_id: job_id_26
2024-04-13 11:49:19 - INFO - Received request for states mean with question: Percent of adults who engage in muscle-strengthening activities on 2 or more days a week
2024-04-13 11:49:19 - INFO - Job id for request: job_id_27
2024-04-13 11:49:19 - INFO - Returning result for job_id: job_id_27
2024-04-13 11:49:19 - INFO - Received request for states mean with question: Percent of adults aged 18 years and older who have obesity
2024-04-13 11:49:19 - INFO - Job id for request: job_id_28
2024-04-13 11:49:19 - INFO - Returning result for job_id: job_id_28
2024-04-13 11:49:19 - INFO - Received request for states mean with question: Percent of adults who achieve at least 150 minutes a week of moderate-intensity aerobic physical activity or 75 minutes a week of vigorous-intensity aerobic activity (or an equivalent combination)
2024-04-13 11:49:19 - INFO - Job id for request: job_id_29
2024-04-13 11:49:19 - INFO - Returning result for job_id: job_id_29
2024-04-13 11:49:19 - INFO - Received request for states mean with question: Percent of adults who engage in no leisure-time physical activity
2024-04-13 11:49:19 - INFO - Job id for request: job_id_30
2024-04-13 11:49:19 - INFO - Task with job_id: job_id_30 is still running
2024-04-13 11:49:19 - INFO - Returning result for job_id: job_id_30
2024-04-13 11:49:19 - INFO - Received request for states mean with question: Percent of adults who report consuming vegetables less than one time daily
2024-04-13 11:49:19 - INFO - Job id for request: job_id_31
2024-04-13 11:49:19 - INFO - Returning result for job_id: job_id_31
2024-04-13 11:49:19 - INFO - Received request for states mean with question: Percent of adults who achieve at least 150 minutes a week of moderate-intensity aerobic physical activity or 75 minutes a week of vigorous-intensity aerobic physical activity and engage in muscle-strengthening activities on 2 or more days a week
2024-04-13 11:49:19 - INFO - Job id for request: job_id_32
2024-04-13 11:49:19 - INFO - Returning result for job_id: job_id_32
2024-04-13 11:49:19 - INFO - Received request for states mean with question: Percent of adults aged 18 years and older who have an overweight classification
2024-04-13 11:49:19 - INFO - Job id for request: job_id_33
2024-04-13 11:49:19 - INFO - Task with job_id: job_id_33 is still running
2024-04-13 11:49:19 - INFO - Returning result for job_id: job_id_33
2024-04-13 11:49:19 - INFO - Received request for states mean with question: Percent of adults who report consuming fruit less than one time daily
2024-04-13 11:49:19 - INFO - Job id for request: job_id_34
2024-04-13 11:49:19 - INFO - Returning result for job_id: job_id_34
2024-04-13 11:49:19 - INFO - Received request for states mean with question: Percent of adults who achieve at least 300 minutes a week of moderate-intensity aerobic physical activity or 150 minutes a week of vigorous-intensity aerobic activity (or an equivalent combination)
2024-04-13 11:49:19 - INFO - Job id for request: job_id_35
2024-04-13 11:49:19 - INFO - Returning result for job_id: job_id_35
2024-04-13 11:49:19 - INFO - Received request for states mean with question: Percent of adults who engage in muscle-strengthening activities on 2 or more days a week
2024-04-13 11:49:19 - INFO - Job id for request: job_id_36
2024-04-13 11:49:19 - INFO - Returning result for job_id: job_id_36
2024-04-13 11:49:19 - INFO - Received request for state mean with question: Percent of adults who achieve at least 300 minutes a week of moderate-intensity aerobic physical activity or 150 minutes a week of vigorous-intensity aerobic activity (or an equivalent combination)                 and state: Rhode Island
2024-04-13 11:49:19 - INFO - Job id for request: job_id_37
2024-04-13 11:49:19 - INFO - Task with job_id: job_id_37 is still running
2024-04-13 11:49:19 - INFO - Returning result for job_id: job_id_37
2024-04-13 11:49:19 - INFO - Received request for state mean with question: Percent of adults who achieve at least 300 minutes a week of moderate-intensity aerobic physical activity or 150 minutes a week of vigorous-intensity aerobic activity (or an equivalent combination)                 and state: Texas
2024-04-13 11:49:19 - INFO - Job id for request: job_id_38
2024-04-13 11:49:19 - INFO - Returning result for job_id: job_id_38
2024-04-13 11:49:19 - INFO - Received request for state mean with question: Percent of adults who report consuming vegetables less than one time daily                 and state: Texas
2024-04-13 11:49:19 - INFO - Job id for request: job_id_39
2024-04-13 11:49:19 - INFO - Returning result for job_id: job_id_39
2024-04-13 11:49:19 - INFO - Received request for state mean with question: Percent of adults who achieve at least 300 minutes a week of moderate-intensity aerobic physical activity or 150 minutes a week of vigorous-intensity aerobic activity (or an equivalent combination)                 and state: Virgin Islands
2024-04-13 11:49:19 - INFO - Job id for request: job_id_40
2024-04-13 11:49:19 - INFO - Returning result for job_id: job_id_40
2024-04-13 11:49:19 - INFO - Received request for state mean with question: Percent of adults who achieve at least 300 minutes a week of moderate-intensity aerobic physical activity or 150 minutes a week of vigorous-intensity aerobic activity (or an equivalent combination)                 and state: Rhode Island
2024-04-13 11:49:19 - INFO - Job id for request: job_id_41
2024-04-13 11:49:19 - INFO - Returning result for job_id: job_id_41
2024-04-13 11:49:19 - INFO - Received request for state mean with question: Percent of adults who achieve at least 300 minutes a week of moderate-intensity aerobic physical activity or 150 minutes a week of vigorous-intensity aerobic activity (or an equivalent combination)                 and state: Texas
2024-04-13 11:49:19 - INFO - Job id for request: job_id_42
2024-04-13 11:49:19 - INFO - Task with job_id: job_id_42 is still running
2024-04-13 11:49:19 - INFO - Returning result for job_id: job_id_42
2024-04-13 11:49:19 - INFO - Received request for state mean with question: Percent of adults who report consuming vegetables less than one time daily                 and state: Michigan
2024-04-13 11:49:19 - INFO - Job id for request: job_id_43
2024-04-13 11:49:19 - INFO - Returning result for job_id: job_id_43
2024-04-13 11:49:19 - INFO - Received request for state mean with question: Percent of adults who engage in muscle-strengthening activities on 2 or more days a week                 and state: Texas
2024-04-13 11:49:19 - INFO - Job id for request: job_id_44
2024-04-13 11:49:19 - INFO - Returning result for job_id: job_id_44
2024-04-13 11:49:19 - INFO - Received request for state mean with question: Percent of adults who report consuming vegetables less than one time daily                 and state: Michigan
2024-04-13 11:49:19 - INFO - Job id for request: job_id_45
2024-04-13 11:49:19 - INFO - Task with job_id: job_id_45 is still running
2024-04-13 11:49:19 - INFO - Returning result for job_id: job_id_45
2024-04-13 11:49:19 - INFO - Received request for state mean with question: Percent of adults who achieve at least 300 minutes a week of moderate-intensity aerobic physical activity or 150 minutes a week of vigorous-intensity aerobic activity (or an equivalent combination)                 and state: Virgin Islands
2024-04-13 11:49:19 - INFO - Job id for request: job_id_46
2024-04-13 11:49:19 - INFO - Returning result for job_id: job_id_46
2024-04-13 11:49:19 - INFO - Received request for state mean with question: Percent of adults who report consuming vegetables less than one time daily                 and state: Rhode Island
2024-04-13 11:49:19 - INFO - Job id for request: job_id_47
2024-04-13 11:49:19 - INFO - Task with job_id: job_id_47 is still running
2024-04-13 11:49:19 - INFO - Returning result for job_id: job_id_47
2024-04-13 11:49:19 - INFO - Received request for state mean with question: Percent of adults who report consuming vegetables less than one time daily                 and state: Virgin Islands
2024-04-13 11:49:19 - INFO - Job id for request: job_id_48
2024-04-13 11:49:19 - INFO - Task with job_id: job_id_48 is still running
2024-04-13 11:49:19 - INFO - Returning result for job_id: job_id_48
2024-04-13 11:49:19 - INFO - Received request for state mean with question: Percent of adults who engage in muscle-strengthening activities on 2 or more days a week                 and state: Virgin Islands
2024-04-13 11:49:19 - INFO - Job id for request: job_id_49
2024-04-13 11:49:19 - INFO - Returning result for job_id: job_id_49
2024-04-13 11:49:19 - INFO - Received request for state mean with question: Percent of adults who achieve at least 300 minutes a week of moderate-intensity aerobic physical activity or 150 minutes a week of vigorous-intensity aerobic activity (or an equivalent combination)                 and state: Michigan
2024-04-13 11:49:19 - INFO - Job id for request: job_id_50
2024-04-13 11:49:19 - INFO - Returning result for job_id: job_id_50
2024-04-13 11:49:19 - INFO - Received request for state mean with question: Percent of adults who report consuming vegetables less than one time daily                 and state: Rhode Island
2024-04-13 11:49:19 - INFO - Job id for request: job_id_51
2024-04-13 11:49:19 - INFO - Task with job_id: job_id_51 is still running
2024-04-13 11:49:19 - INFO - Returning result for job_id: job_id_51
2024-04-13 11:49:19 - INFO - Received request for state mean with question: Percent of adults who report consuming vegetables less than one time daily                 and state: Virgin Islands
2024-04-13 11:49:19 - INFO - Job id for request: job_id_52
2024-04-13 11:49:19 - INFO - Returning result for job_id: job_id_52
2024-04-13 11:49:19 - INFO - Received request for state mean with question: Percent of adults who achieve at least 300 minutes a week of moderate-intensity aerobic physical activity or 150 minutes a week of vigorous-intensity aerobic activity (or an equivalent combination)                 and state: Michigan
2024-04-13 11:49:19 - INFO - Job id for request: job_id_53
2024-04-13 11:49:19 - INFO - Returning result for job_id: job_id_53
2024-04-13 11:49:19 - INFO - Received request for state mean with question: Percent of adults who engage in muscle-strengthening activities on 2 or more days a week                 and state: Michigan
2024-04-13 11:49:19 - INFO - Job id for request: job_id_54
2024-04-13 11:49:19 - INFO - Returning result for job_id: job_id_54
2024-04-13 11:49:19 - INFO - Received request for state mean with question: Percent of adults who report consuming vegetables less than one time daily                 and state: Texas
2024-04-13 11:49:19 - INFO - Job id for request: job_id_55
2024-04-13 11:49:19 - INFO - Task with job_id: job_id_55 is still running
2024-04-13 11:49:19 - INFO - Returning result for job_id: job_id_55
2024-04-13 11:49:19 - INFO - Received request for state mean with question: Percent of adults who engage in muscle-strengthening activities on 2 or more days a week                 and state: Rhode Island
2024-04-13 11:49:19 - INFO - Job id for request: job_id_56
2024-04-13 11:49:19 - INFO - Returning result for job_id: job_id_56
2024-04-13 11:49:19 - INFO - Received request for state mean with question: Percent of adults who report consuming vegetables less than one time daily                 and state: National
2024-04-13 11:49:19 - INFO - Job id for request: job_id_57
2024-04-13 11:49:19 - INFO - Returning result for job_id: job_id_57
2024-04-13 11:49:19 - INFO - Received request for state mean with question: Percent of adults who achieve at least 150 minutes a week of moderate-intensity aerobic physical activity or 75 minutes a week of vigorous-intensity aerobic physical activity and engage in muscle-strengthening activities on 2 or more days a week                 and state: Maine
2024-04-13 11:49:19 - INFO - Job id for request: job_id_58
2024-04-13 11:49:19 - INFO - Returning result for job_id: job_id_58
2024-04-13 11:49:19 - INFO - Received request for state mean with question: Percent of adults who achieve at least 150 minutes a week of moderate-intensity aerobic physical activity or 75 minutes a week of vigorous-intensity aerobic activity (or an equivalent combination)                 and state: Maine
2024-04-13 11:49:19 - INFO - Job id for request: job_id_59
2024-04-13 11:49:19 - INFO - Returning result for job_id: job_id_59
2024-04-13 11:49:19 - INFO - Received request for state mean with question: Percent of adults who achieve at least 150 minutes a week of moderate-intensity aerobic physical activity or 75 minutes a week of vigorous-intensity aerobic physical activity and engage in muscle-strengthening activities on 2 or more days a week                 and state: Guam
2024-04-13 11:49:19 - INFO - Job id for request: job_id_60
2024-04-13 11:49:19 - INFO - Returning result for job_id: job_id_60
2024-04-13 11:49:19 - INFO - Received request for state mean with question: Percent of adults who achieve at least 150 minutes a week of moderate-intensity aerobic physical activity or 75 minutes a week of vigorous-intensity aerobic physical activity and engage in muscle-strengthening activities on 2 or more days a week                 and state: National
2024-04-13 11:49:19 - INFO - Job id for request: job_id_61
2024-04-13 11:49:19 - INFO - Returning result for job_id: job_id_61
2024-04-13 11:49:19 - INFO - Received request for state mean with question: Percent of adults who report consuming vegetables less than one time daily                 and state: Maine
2024-04-13 11:49:19 - INFO - Job id for request: job_id_62
2024-04-13 11:49:19 - INFO - Returning result for job_id: job_id_62
2024-04-13 11:49:19 - INFO - Received request for state mean with question: Percent of adults who achieve at least 150 minutes a week of moderate-intensity aerobic physical activity or 75 minutes a week of vigorous-intensity aerobic activity (or an equivalent combination)                 and state: Massachusetts
2024-04-13 11:49:19 - INFO - Job id for request: job_id_63
2024-04-13 11:49:19 - INFO - Returning result for job_id: job_id_63
2024-04-13 11:49:19 - INFO - Received request for state mean with question: Percent of adults aged 18 years and older who have an overweight classification                 and state: Maine
2024-04-13 11:49:19 - INFO - Job id for request: job_id_64
2024-04-13 11:49:19 - INFO - Returning result for job_id: job_id_64
2024-04-13 11:49:19 - INFO - Received request for state mean with question: Percent of adults who achieve at least 150 minutes a week of moderate-intensity aerobic physical activity or 75 minutes a week of vigorous-intensity aerobic activity (or an equivalent combination)                 and state: Massachusetts
2024-04-13 11:49:19 - INFO - Job id for request: job_id_65
2024-04-13 11:49:19 - INFO - Returning result for job_id: job_id_65
2024-04-13 11:49:19 - INFO - Received request for state mean with question: Percent of adults who report consuming vegetables less than one time daily                 and state: Guam
2024-04-13 11:49:19 - INFO - Job id for request: job_id_66
2024-04-13 11:49:19 - INFO - Returning result for job_id: job_id_66
2024-04-13 11:49:19 - INFO - Received request for state mean with question: Percent of adults who achieve at least 150 minutes a week of moderate-intensity aerobic physical activity or 75 minutes a week of vigorous-intensity aerobic activity (or an equivalent combination)                 and state: National
2024-04-13 11:49:19 - INFO - Job id for request: job_id_67
2024-04-13 11:49:19 - INFO - Returning result for job_id: job_id_67
2024-04-13 11:49:19 - INFO - Received request for state mean with question: Percent of adults who achieve at least 150 minutes a week of moderate-intensity aerobic physical activity or 75 minutes a week of vigorous-intensity aerobic activity (or an equivalent combination)                 and state: Guam
2024-04-13 11:49:19 - INFO - Job id for request: job_id_68
2024-04-13 11:49:19 - INFO - Returning result for job_id: job_id_68
2024-04-13 11:49:19 - INFO - Received request for state mean with question: Percent of adults aged 18 years and older who have an overweight classification                 and state: Guam
2024-04-13 11:49:19 - INFO - Job id for request: job_id_69
2024-04-13 11:49:19 - INFO - Returning result for job_id: job_id_69
2024-04-13 11:49:19 - INFO - Received request for state mean with question: Percent of adults who achieve at least 150 minutes a week of moderate-intensity aerobic physical activity or 75 minutes a week of vigorous-intensity aerobic physical activity and engage in muscle-strengthening activities on 2 or more days a week                 and state: Massachusetts
2024-04-13 11:49:19 - INFO - Job id for request: job_id_70
2024-04-13 11:49:19 - INFO - Returning result for job_id: job_id_70
2024-04-13 11:49:19 - INFO - Received request for state mean with question: Percent of adults who achieve at least 150 minutes a week of moderate-intensity aerobic physical activity or 75 minutes a week of vigorous-intensity aerobic activity (or an equivalent combination)                 and state: National
2024-04-13 11:49:19 - INFO - Job id for request: job_id_71
2024-04-13 11:49:19 - INFO - Returning result for job_id: job_id_71
2024-04-13 11:49:19 - INFO - Received request for state mean with question: Percent of adults who achieve at least 150 minutes a week of moderate-intensity aerobic physical activity or 75 minutes a week of vigorous-intensity aerobic activity (or an equivalent combination)                 and state: Guam
2024-04-13 11:49:19 - INFO - Job id for request: job_id_72
2024-04-13 11:49:19 - INFO - Returning result for job_id: job_id_72
2024-04-13 11:49:19 - INFO - Received request for state mean with question: Percent of adults who report consuming vegetables less than one time daily                 and state: Massachusetts
2024-04-13 11:49:19 - INFO - Job id for request: job_id_73
2024-04-13 11:49:19 - INFO - Returning result for job_id: job_id_73
2024-04-13 11:49:19 - INFO - Received request for state mean with question: Percent of adults aged 18 years and older who have an overweight classification                 and state: Massachusetts
2024-04-13 11:49:19 - INFO - Job id for request: job_id_74
2024-04-13 11:49:19 - INFO - Returning result for job_id: job_id_74
2024-04-13 11:49:19 - INFO - Received request for state mean with question: Percent of adults who achieve at least 150 minutes a week of moderate-intensity aerobic physical activity or 75 minutes a week of vigorous-intensity aerobic activity (or an equivalent combination)                 and state: Maine
2024-04-13 11:49:19 - INFO - Job id for request: job_id_75
2024-04-13 11:49:19 - INFO - Returning result for job_id: job_id_75
2024-04-13 11:49:19 - INFO - Received request for state mean with question: Percent of adults aged 18 years and older who have an overweight classification                 and state: National
2024-04-13 11:49:19 - INFO - Job id for request: job_id_76
2024-04-13 11:49:19 - INFO - Returning result for job_id: job_id_76
2024-04-13 11:49:19 - INFO - Received request for state mean with question: Percent of adults who achieve at least 150 minutes a week of moderate-intensity aerobic physical activity or 75 minutes a week of vigorous-intensity aerobic physical activity and engage in muscle-strengthening activities on 2 or more days a week                 and state: Georgia
2024-04-13 11:49:19 - INFO - Job id for request: job_id_77
2024-04-13 11:49:19 - INFO - Returning result for job_id: job_id_77
2024-04-13 11:49:19 - INFO - Received request for state mean with question: Percent of adults who report consuming vegetables less than one time daily                 and state: Wisconsin
2024-04-13 11:49:19 - INFO - Job id for request: job_id_78
2024-04-13 11:49:19 - INFO - Returning result for job_id: job_id_78
2024-04-13 11:49:19 - INFO - Received request for state mean with question: Percent of adults aged 18 years and older who have an overweight classification                 and state: Wisconsin
2024-04-13 11:49:19 - INFO - Job id for request: job_id_79
2024-04-13 11:49:19 - INFO - Returning result for job_id: job_id_79
2024-04-13 11:49:19 - INFO - Received request for state mean with question: Percent of adults who report consuming vegetables less than one time daily                 and state: Oklahoma
2024-04-13 11:49:19 - INFO - Job id for request: job_id_80
2024-04-13 11:49:19 - INFO - Returning result for job_id: job_id_80
2024-04-13 11:49:19 - INFO - Received request for state mean with question: Percent of adults who report consuming vegetables less than one time daily                 and state: Georgia
2024-04-13 11:49:19 - INFO - Job id for request: job_id_81
2024-04-13 11:49:19 - INFO - Returning result for job_id: job_id_81
2024-04-13 11:49:19 - INFO - Received request for state mean with question: Percent of adults who achieve at least 150 minutes a week of moderate-intensity aerobic physical activity or 75 minutes a week of vigorous-intensity aerobic physical activity and engage in muscle-strengthening activities on 2 or more days a week                 and state: Wisconsin
2024-04-13 11:49:19 - INFO - Job id for request: job_id_82
2024-04-13 11:49:19 - INFO - Returning result for job_id: job_id_82
2024-04-13 11:49:19 - INFO - Received request for state mean with question: Percent of adults aged 18 years and older who have an overweight classification                 and state: Connecticut
2024-04-13 11:49:19 - INFO - Job id for request: job_id_83
2024-04-13 11:49:19 - INFO - Returning result for job_id: job_id_83
2024-04-13 11:49:19 - INFO - Received request for state mean with question: Percent of adults who engage in muscle-strengthening activities on 2 or more days a week                 and state: Wisconsin
2024-04-13 11:49:19 - INFO - Job id for request: job_id_84
2024-04-13 11:49:19 - INFO - Returning result for job_id: job_id_84
2024-04-13 11:49:19 - INFO - Received request for state mean with question: Percent of adults aged 18 years and older who have obesity                 and state: Connecticut
2024-04-13 11:49:19 - INFO - Job id for request: job_id_85
2024-04-13 11:49:19 - INFO - Returning result for job_id: job_id_85
2024-04-13 11:49:19 - INFO - Received request for state mean with question: Percent of adults who achieve at least 150 minutes a week of moderate-intensity aerobic physical activity or 75 minutes a week of vigorous-intensity aerobic physical activity and engage in muscle-strengthening activities on 2 or more days a week                 and state: Oklahoma
2024-04-13 11:49:19 - INFO - Job id for request: job_id_86
2024-04-13 11:49:19 - INFO - Returning result for job_id: job_id_86
2024-04-13 11:49:19 - INFO - Received request for state mean with question: Percent of adults aged 18 years and older who have an overweight classification                 and state: Georgia
2024-04-13 11:49:19 - INFO - Job id for request: job_id_87
2024-04-13 11:49:19 - INFO - Returning result for job_id: job_id_87
2024-04-13 11:49:19 - INFO - Received request for state mean with question: Percent of adults aged 18 years and older who have an overweight classification                 and state: Oklahoma
2024-04-13 11:49:19 - INFO - Job id for request: job_id_88
2024-04-13 11:49:19 - INFO - Returning result for job_id: job_id_88
2024-04-13 11:49:19 - INFO - Received request for state mean with question: Percent of adults who engage in muscle-strengthening activities on 2 or more days a week                 and state: Oklahoma
2024-04-13 11:49:19 - INFO - Job id for request: job_id_89
2024-04-13 11:49:19 - INFO - Returning result for job_id: job_id_89
2024-04-13 11:49:19 - INFO - Received request for state mean with question: Percent of adults who report consuming vegetables less than one time daily                 and state: Connecticut
2024-04-13 11:49:19 - INFO - Job id for request: job_id_90
2024-04-13 11:49:19 - INFO - Returning result for job_id: job_id_90
2024-04-13 11:49:19 - INFO - Received request for state mean with question: Percent of adults aged 18 years and older who have obesity                 and state: Georgia
2024-04-13 11:49:19 - INFO - Job id for request: job_id_91
2024-04-13 11:49:19 - INFO - Returning result for job_id: job_id_91
2024-04-13 11:49:19 - INFO - Received request for state mean with question: Percent of adults aged 18 years and older who have obesity                 and state: Oklahoma
2024-04-13 11:49:19 - INFO - Job id for request: job_id_92
2024-04-13 11:49:19 - INFO - Returning result for job_id: job_id_92
2024-04-13 11:49:19 - INFO - Received request for state mean with question: Percent of adults who achieve at least 150 minutes a week of moderate-intensity aerobic physical activity or 75 minutes a week of vigorous-intensity aerobic physical activity and engage in muscle-strengthening activities on 2 or more days a week                 and state: Connecticut
2024-04-13 11:49:19 - INFO - Job id for request: job_id_93
2024-04-13 11:49:19 - INFO - Returning result for job_id: job_id_93
2024-04-13 11:49:19 - INFO - Received request for state mean with question: Percent of adults who engage in muscle-strengthening activities on 2 or more days a week                 and state: Connecticut
2024-04-13 11:49:19 - INFO - Job id for request: job_id_94
2024-04-13 11:49:19 - INFO - Returning result for job_id: job_id_94
2024-04-13 11:49:19 - INFO - Received request for state mean with question: Percent of adults aged 18 years and older who have obesity                 and state: Wisconsin
2024-04-13 11:49:19 - INFO - Job id for request: job_id_95
2024-04-13 11:49:19 - INFO - Returning result for job_id: job_id_95
2024-04-13 11:49:19 - INFO - Received request for state mean with question: Percent of adults who engage in muscle-strengthening activities on 2 or more days a week                 and state: Georgia
2024-04-13 11:49:19 - INFO - Job id for request: job_id_96
2024-04-13 11:49:19 - INFO - Returning result for job_id: job_id_96
2024-04-13 11:49:19 - INFO - Received request for states mean with question: Percent of adults aged 18 years and older who have obesity
2024-04-13 11:49:19 - INFO - Job id for request: job_id_97
2024-04-13 11:49:19 - INFO - Returning result for job_id: job_id_97
2024-04-13 11:49:19 - INFO - Received request for states mean with question: Percent of adults who achieve at least 150 minutes a week of moderate-intensity aerobic physical activity or 75 minutes a week of vigorous-intensity aerobic activity (or an equivalent combination)
2024-04-13 11:49:19 - INFO - Job id for request: job_id_98
2024-04-13 11:49:19 - INFO - Returning result for job_id: job_id_98
2024-04-13 11:49:19 - INFO - Received request for states mean with question: Percent of adults who engage in no leisure-time physical activity
2024-04-13 11:49:19 - INFO - Job id for request: job_id_99
2024-04-13 11:49:19 - INFO - Returning result for job_id: job_id_99
2024-04-13 11:49:19 - INFO - Received request for states mean with question: Percent of adults who report consuming vegetables less than one time daily
2024-04-13 11:49:19 - INFO - Job id for request: job_id_100
2024-04-13 11:49:19 - INFO - Returning result for job_id: job_id_100
2024-04-13 11:49:19 - INFO - Received request for states mean with question: Percent of adults who achieve at least 150 minutes a week of moderate-intensity aerobic physical activity or 75 minutes a week of vigorous-intensity aerobic physical activity and engage in muscle-strengthening activities on 2 or more days a week
2024-04-13 11:49:19 - INFO - Job id for request: job_id_101
2024-04-13 11:49:19 - INFO - Returning result for job_id: job_id_101
2024-04-13 11:49:19 - INFO - Received request for states mean with question: Percent of adults aged 18 years and older who have an overweight classification
2024-04-13 11:49:19 - INFO - Job id for request: job_id_102
2024-04-13 11:49:19 - INFO - Task with job_id: job_id_102 is still running
2024-04-13 11:49:19 - INFO - Returning result for job_id: job_id_102
2024-04-13 11:49:19 - INFO - Received request for states mean with question: Percent of adults who report consuming fruit less than one time daily
2024-04-13 11:49:19 - INFO - Job id for request: job_id_103
2024-04-13 11:49:19 - INFO - Task with job_id: job_id_103 is still running
2024-04-13 11:49:19 - INFO - Returning result for job_id: job_id_103
2024-04-13 11:49:19 - INFO - Received request for states mean with question: Percent of adults who achieve at least 300 minutes a week of moderate-intensity aerobic physical activity or 150 minutes a week of vigorous-intensity aerobic activity (or an equivalent combination)
2024-04-13 11:49:19 - INFO - Job id for request: job_id_104
2024-04-13 11:49:19 - INFO - Returning result for job_id: job_id_104
2024-04-13 11:49:19 - INFO - Received request for states mean with question: Percent of adults who engage in muscle-strengthening activities on 2 or more days a week
2024-04-13 11:49:19 - INFO - Job id for request: job_id_105
2024-04-13 11:49:19 - INFO - Returning result for job_id: job_id_105
2024-04-13 11:49:19 - INFO - Received request for states mean with question: Percent of adults aged 18 years and older who have obesity
2024-04-13 11:49:19 - INFO - Job id for request: job_id_106
2024-04-13 11:49:19 - INFO - Returning result for job_id: job_id_106
2024-04-13 11:49:19 - INFO - Received request for states mean with question: Percent of adults who achieve at least 150 minutes a week of moderate-intensity aerobic physical activity or 75 minutes a week of vigorous-intensity aerobic activity (or an equivalent combination)
2024-04-13 11:49:19 - INFO - Job id for request: job_id_107
2024-04-13 11:49:19 - INFO - Returning result for job_id: job_id_107
2024-04-13 11:49:19 - INFO - Received request for states mean with question: Percent of adults who engage in no leisure-time physical activity
2024-04-13 11:49:19 - INFO - Job id for request: job_id_108
2024-04-13 11:49:19 - INFO - Task with job_id: job_id_108 is still running
2024-04-13 11:49:19 - INFO - Returning result for job_id: job_id_108
2024-04-13 11:49:19 - INFO - Received request for states mean with question: Percent of adults who report consuming vegetables less than one time daily
2024-04-13 11:49:19 - INFO - Job id for request: job_id_109
2024-04-13 11:49:19 - INFO - Task with job_id: job_id_109 is still running
2024-04-13 11:49:19 - INFO - Returning result for job_id: job_id_109
2024-04-13 11:49:19 - INFO - Received request for states mean with question: Percent of adults who achieve at least 150 minutes a week of moderate-intensity aerobic physical activity or 75 minutes a week of vigorous-intensity aerobic physical activity and engage in muscle-strengthening activities on 2 or more days a week
2024-04-13 11:49:19 - INFO - Job id for request: job_id_110
2024-04-13 11:49:19 - INFO - Returning result for job_id: job_id_110
2024-04-13 11:49:19 - INFO - Received request for states mean with question: Percent of adults aged 18 years and older who have an overweight classification
2024-04-13 11:49:19 - INFO - Job id for request: job_id_111
2024-04-13 11:49:19 - INFO - Returning result for job_id: job_id_111
2024-04-13 11:49:19 - INFO - Received request for states mean with question: Percent of adults who report consuming fruit less than one time daily
2024-04-13 11:49:19 - INFO - Job id for request: job_id_112
2024-04-13 11:49:19 - INFO - Task with job_id: job_id_112 is still running
2024-04-13 11:49:19 - INFO - Returning result for job_id: job_id_112
2024-04-13 11:49:19 - INFO - Received request for states mean with question: Percent of adults who achieve at least 300 minutes a week of moderate-intensity aerobic physical activity or 150 minutes a week of vigorous-intensity aerobic activity (or an equivalent combination)
2024-04-13 11:49:19 - INFO - Job id for request: job_id_113
2024-04-13 11:49:19 - INFO - Returning result for job_id: job_id_113
2024-04-13 11:49:19 - INFO - Received request for states mean with question: Percent of adults who engage in muscle-strengthening activities on 2 or more days a week
2024-04-13 11:49:19 - INFO - Job id for request: job_id_114
2024-04-13 11:49:19 - INFO - Returning result for job_id: job_id_114
2024-04-13 11:49:19 - INFO - Shutting down gracefully
